<?xml version="1.0" encoding="UTF-8"?>
<coverage generated="1614015880338" clover="3.2.0">
  <project timestamp="1614015880338" name="All files">
    <metrics statements="30" coveredstatements="28" conditionals="0" coveredconditionals="0" methods="9" coveredmethods="7" elements="39" coveredelements="35" complexity="0" loc="30" ncloc="30" packages="1" files="1" classes="1"/>
    <file name="app.js" path="/Users/moe/Dropbox/Gray Matter/Repositories/coworking-schedule-module/server/app.js">
      <metrics statements="30" coveredstatements="28" conditionals="0" coveredconditionals="0" methods="9" coveredmethods="7"/>
      <line num="1" count="1" type="stmt"/>
      <line num="2" count="1" type="stmt"/>
      <line num="3" count="1" type="stmt"/>
      <line num="5" count="1" type="stmt"/>
      <line num="6" count="1" type="stmt"/>
      <line num="7" count="1" type="stmt"/>
      <line num="10" count="1" type="stmt"/>
      <line num="11" count="1" type="stmt"/>
      <line num="12" count="1" type="stmt"/>
      <line num="15" count="1" type="stmt"/>
      <line num="16" count="1" type="stmt"/>
      <line num="17" count="1" type="stmt"/>
      <line num="21" count="1" type="stmt"/>
      <line num="22" count="7" type="stmt"/>
      <line num="23" count="7" type="stmt"/>
      <line num="24" count="7" type="stmt"/>
      <line num="26" count="7" type="stmt"/>
      <line num="28" count="7" type="stmt"/>
      <line num="31" count="0" type="stmt"/>
      <line num="33" count="7" type="stmt"/>
      <line num="37" count="1" type="stmt"/>
      <line num="38" count="1" type="stmt"/>
      <line num="39" count="1" type="stmt"/>
      <line num="40" count="1" type="stmt"/>
      <line num="41" count="1" type="stmt"/>
      <line num="53" count="1" type="stmt"/>
      <line num="54" count="1" type="stmt"/>
      <line num="57" count="0" type="stmt"/>
      <line num="59" count="1" type="stmt"/>
      <line num="63" count="1" type="stmt"/>
    </file>
  </project>
</coverage>
