{"/Users/moe/Dropbox/Gray Matter/Repositories/coworking-schedule-module/server/app.js": {"path":"/Users/moe/Dropbox/Gray Matter/Repositories/coworking-schedule-module/server/app.js","statementMap":{"0":{"start":{"line":1,"column":16},"end":{"line":1,"column":34}},"1":{"start":{"line":2,"column":19},"end":{"line":2,"column":41}},"2":{"start":{"line":3,"column":12},"end":{"line":3,"column":21}},"3":{"start":{"line":5,"column":0},"end":{"line":5,"column":57}},"4":{"start":{"line":6,"column":0},"end":{"line":6,"column":51}},"5":{"start":{"line":7,"column":0},"end":{"line":7,"column":27}},"6":{"start":{"line":10,"column":20},"end":{"line":10,"column":50}},"7":{"start":{"line":11,"column":12},"end":{"line":11,"column":39}},"8":{"start":{"line":12,"column":15},"end":{"line":12,"column":25}},"9":{"start":{"line":15,"column":0},"end":{"line":18,"column":2}},"10":{"start":{"line":16,"column":2},"end":{"line":16,"column":17}},"11":{"start":{"line":17,"column":2},"end":{"line":17,"column":63}},"12":{"start":{"line":21,"column":0},"end":{"line":35,"column":2}},"13":{"start":{"line":22,"column":2},"end":{"line":34,"column":4}},"14":{"start":{"line":23,"column":15},"end":{"line":23,"column":32}},"15":{"start":{"line":24,"column":31},"end":{"line":24,"column":63}},"16":{"start":{"line":26,"column":4},"end":{"line":32,"column":8}},"17":{"start":{"line":28,"column":8},"end":{"line":28,"column":24}},"18":{"start":{"line":31,"column":8},"end":{"line":31,"column":24}},"19":{"start":{"line":33,"column":4},"end":{"line":33,"column":18}},"20":{"start":{"line":37,"column":0},"end":{"line":61,"column":2}},"21":{"start":{"line":38,"column":2},"end":{"line":60,"column":4}},"22":{"start":{"line":39,"column":15},"end":{"line":39,"column":32}},"23":{"start":{"line":40,"column":34},"end":{"line":40,"column":69}},"24":{"start":{"line":41,"column":4},"end":{"line":58,"column":8}},"25":{"start":{"line":53,"column":8},"end":{"line":53,"column":24}},"26":{"start":{"line":54,"column":8},"end":{"line":54,"column":23}},"27":{"start":{"line":57,"column":8},"end":{"line":57,"column":24}},"28":{"start":{"line":59,"column":4},"end":{"line":59,"column":18}},"29":{"start":{"line":63,"column":0},"end":{"line":63,"column":21}}},"fnMap":{"0":{"name":"(anonymous_0)","decl":{"start":{"line":15,"column":14},"end":{"line":15,"column":15}},"loc":{"start":{"line":15,"column":34},"end":{"line":18,"column":1}},"line":15},"1":{"name":"(anonymous_1)","decl":{"start":{"line":21,"column":26},"end":{"line":21,"column":27}},"loc":{"start":{"line":21,"column":40},"end":{"line":35,"column":1}},"line":21},"2":{"name":"(anonymous_2)","decl":{"start":{"line":22,"column":27},"end":{"line":22,"column":28}},"loc":{"start":{"line":22,"column":50},"end":{"line":34,"column":3}},"line":22},"3":{"name":"(anonymous_3)","decl":{"start":{"line":27,"column":12},"end":{"line":27,"column":13}},"loc":{"start":{"line":27,"column":24},"end":{"line":29,"column":7}},"line":27},"4":{"name":"(anonymous_4)","decl":{"start":{"line":30,"column":13},"end":{"line":30,"column":14}},"loc":{"start":{"line":30,"column":22},"end":{"line":32,"column":7}},"line":30},"5":{"name":"(anonymous_5)","decl":{"start":{"line":37,"column":29},"end":{"line":37,"column":30}},"loc":{"start":{"line":37,"column":42},"end":{"line":61,"column":1}},"line":37},"6":{"name":"(anonymous_6)","decl":{"start":{"line":38,"column":27},"end":{"line":38,"column":28}},"loc":{"start":{"line":38,"column":49},"end":{"line":60,"column":3}},"line":38},"7":{"name":"(anonymous_7)","decl":{"start":{"line":52,"column":12},"end":{"line":52,"column":13}},"loc":{"start":{"line":52,"column":24},"end":{"line":55,"column":7}},"line":52},"8":{"name":"(anonymous_8)","decl":{"start":{"line":56,"column":13},"end":{"line":56,"column":14}},"loc":{"start":{"line":56,"column":22},"end":{"line":58,"column":7}},"line":56}},"branchMap":{},"s":{"0":1,"1":1,"2":1,"3":1,"4":1,"5":1,"6":1,"7":1,"8":1,"9":1,"10":1,"11":1,"12":1,"13":7,"14":7,"15":7,"16":7,"17":7,"18":0,"19":7,"20":1,"21":1,"22":1,"23":1,"24":1,"25":1,"26":1,"27":0,"28":1,"29":1},"f":{"0":1,"1":7,"2":7,"3":7,"4":0,"5":1,"6":1,"7":1,"8":0},"b":{},"_coverageSchema":"1a1c01bbd47fc00a2c39e90264f33305004495a9","hash":"460f461a3ecd0260712b764c02502115e845d125"}
}
